Arguments: 
  C:\Program Files\nodejs\node.exe C:\Program Files (x86)\Yarn\bin\yarn.js add aos

PATH: 
  C:\Users\Julaz\bin;C:\Program Files\Git\mingw64\bin;C:\Program Files\Git\usr\local\bin;C:\Program Files\Git\usr\bin;C:\Program Files\Git\usr\bin;C:\Program Files\Git\mingw64\bin;C:\Program Files\Git\usr\bin;C:\Users\Julaz\bin;C:\Python27;C:\Python27\Scripts;C:\Program Files (x86)\Common Files\Oracle\Java\javapath;C:\Windows\system32;C:\Windows;C:\Windows\System32\Wbem;C:\Windows\System32\WindowsPowerShell\v1.0;C:\Windows\System32\OpenSSH;C:\Program Files (x86)\NVIDIA Corporation\PhysX\Common;C:\Program Files\Intel\WiFi\bin;C:\Program Files\Common Files\Intel\WirelessCommon;C:\Program Files\NVIDIA Corporation\NVIDIA NvDLISR;C:\Program Files\Git\cmd;C:\ProgramData\chocolatey\bin;C:\Program Files (x86)\Yarn\bin;C:\Program Files\nodejs;C:\Ruby27-x64\bin;C:\Ruby26\bin;C:\Users\Julaz\AppData\Local\Microsoft\WindowsApps;C:\xampp\php;C:\Program Files\nodejs;C:\Users\Julaz\composer.phar;C:\Users\Julaz\AppData\Local\Programs\Microsoft VS Code\bin;C:\Users\Julaz\AppData\Local\Yarn\bin;C:\Users\Julaz\AppData\Roaming\npm;C:\Program Files\Git\usr\bin\vendor_perl;C:\Program Files\Git\usr\bin\core_perl

Yarn version: 
  1.21.1

Node version: 
  12.14.1

Platform: 
  win32 x64

Trace: 
  Error: https://registry.npmjs.org/typed.js: error:0909006C:PEM routines:get_name:no start line
      at Object.createSecureContext (_tls_common.js:151:17)
      at Object.connect (_tls_wrap.js:1407:48)
      at Agent.createConnection (https.js:125:22)
      at Agent.createSocket (_http_agent.js:242:26)
      at Agent.addRequest (_http_agent.js:201:10)
      at new ClientRequest (_http_client.js:276:16)
      at Object.request (https.js:309:10)
      at Request.module.exports.Request.start (C:\Program Files (x86)\Yarn\lib\cli.js:141227:32)
      at Request.module.exports.Request.end (C:\Program Files (x86)\Yarn\lib\cli.js:141986:10)
      at end (C:\Program Files (x86)\Yarn\lib\cli.js:141040:14)

npm manifest: 
  {
    "name": "projet-4",
    "version": "1.0.0",
    "description": "",
    "main": "script.js",
    "scripts": {
      "test": "echo \"Error: no test specified\" && exit 1"
    },
    "author": "",
    "license": "ISC",
    "dependencies": {
      "typed.js": "^2.0.11"
    }
  }

yarn manifest: 
  No manifest

Lockfile: 
  No lockfile
